{"name": "test_products_group", "status": "broken", "statusDetails": {"message": "selenium.common.exceptions.ElementClickInterceptedException: Message: element click intercepted: Element <a href=\"https://testqastudio.me?products_group=sale\" class=\"tab-sale \">...</a> is not clickable at point (900, 748). Other element would receive the click: <div class=\"catalog-toolbar-tabs__content\">...</div>\n  (Session info: chrome=120.0.6099.71)\nStacktrace:\n\tGetHandleVerifier [0x00007FF7150C4D02+56194]\n\t(No symbol) [0x00007FF7150304B2]\n\t(No symbol) [0x00007FF714ED76AA]\n\t(No symbol) [0x00007FF714F28763]\n\t(No symbol) [0x00007FF714F2675D]\n\t(No symbol) [0x00007FF714F23F5C]\n\t(No symbol) [0x00007FF714F22D15]\n\t(No symbol) [0x00007FF714F1687F]\n\t(No symbol) [0x00007FF714F45E7A]\n\t(No symbol) [0x00007FF714F16226]\n\t(No symbol) [0x00007FF714F46320]\n\t(No symbol) [0x00007FF714F62786]\n\t(No symbol) [0x00007FF714F45C23]\n\t(No symbol) [0x00007FF714F14A45]\n\t(No symbol) [0x00007FF714F15AD4]\n\tGetHandleVerifier [0x00007FF71543D5BB+3695675]\n\tGetHandleVerifier [0x00007FF715496197+4059159]\n\tGetHandleVerifier [0x00007FF71548DF63+4025827]\n\tGetHandleVerifier [0x00007FF71515F029+687785]\n\t(No symbol) [0x00007FF71503B508]\n\t(No symbol) [0x00007FF715037564]\n\t(No symbol) [0x00007FF7150376E9]\n\t(No symbol) [0x00007FF715028094]\n\tBaseThreadInitThunk [0x00007FFAABE5257D+29]\n\tRtlUserThreadStart [0x00007FFAAD22AA58+40]", "trace": "selenium.qa.studio-main\\tests\\test_shop.py:47: in test_products_group\n    element.click()\n        browser    = <selenium.webdriver.chrome.webdriver.WebDriver (session=\"8b405e6fc38cc3d8820b62e603d86552\")>\n        element    = <selenium.webdriver.remote.webelement.WebElement (session=\"8b405e6fc38cc3d8820b62e603d86552\", element=\"52BFA2B1A5B9292AF0DBB6D27B880E97_element_150\")>\n        elements   = [<selenium.webdriver.remote.webelement.WebElement (session=\"8b405e6fc38cc3d8820b62e603d86552\", element=\"6D0F786709B1BD...lement.WebElement (session=\"8b405e6fc38cc3d8820b62e603d86552\", element=\"6D0F786709B1BD26CE183A6CD41CB905_element_84\")>]\n        expected_menu = [('Все', '', \"[class='tab-all active']\"), ('Бестселлеры', '/?products_group=best_sellers', \"[class='tab-best_sellers '... '/?products_group=new', \"[class='tab-new ']\"), ('Распродажа товаров', '/?products_group=sale', \"[class='tab-sale ']\")]\n        item       = ('Распродажа товаров', '/?products_group=sale', \"[class='tab-sale ']\")\n        menu_element = \"[class='catalog-toolbar-tabs__content'] a\"\n..\\..\\AppData\\Local\\Programs\\Python\\Python312\\Lib\\site-packages\\selenium\\webdriver\\remote\\webelement.py:94: in click\n    self._execute(Command.CLICK_ELEMENT)\n        self       = <selenium.webdriver.remote.webelement.WebElement (session=\"8b405e6fc38cc3d8820b62e603d86552\", element=\"52BFA2B1A5B9292AF0DBB6D27B880E97_element_150\")>\n..\\..\\AppData\\Local\\Programs\\Python\\Python312\\Lib\\site-packages\\selenium\\webdriver\\remote\\webelement.py:395: in _execute\n    return self._parent.execute(command, params)\n        command    = 'clickElement'\n        params     = {'id': '52BFA2B1A5B9292AF0DBB6D27B880E97_element_150'}\n        self       = <selenium.webdriver.remote.webelement.WebElement (session=\"8b405e6fc38cc3d8820b62e603d86552\", element=\"52BFA2B1A5B9292AF0DBB6D27B880E97_element_150\")>\n..\\..\\AppData\\Local\\Programs\\Python\\Python312\\Lib\\site-packages\\selenium\\webdriver\\remote\\webdriver.py:348: in execute\n    self.error_handler.check_response(response)\n        driver_command = 'clickElement'\n        params     = {}\n        response   = {'status': 400, 'value': '{\"value\":{\"error\":\"element click intercepted\",\"message\":\"element click intercepted: Element ...07FF715028094]\\\\n\\\\tBaseThreadInitThunk [0x00007FFAABE5257D+29]\\\\n\\\\tRtlUserThreadStart [0x00007FFAAD22AA58+40]\\\\n\"}}'}\n        self       = <selenium.webdriver.chrome.webdriver.WebDriver (session=\"8b405e6fc38cc3d8820b62e603d86552\")>\n..\\..\\AppData\\Local\\Programs\\Python\\Python312\\Lib\\site-packages\\selenium\\webdriver\\remote\\errorhandler.py:229: in check_response\n    raise exception_class(message, screen, stacktrace)\nE   selenium.common.exceptions.ElementClickInterceptedException: Message: element click intercepted: Element <a href=\"https://testqastudio.me?products_group=sale\" class=\"tab-sale \">...</a> is not clickable at point (900, 748). Other element would receive the click: <div class=\"catalog-toolbar-tabs__content\">...</div>\nE     (Session info: chrome=120.0.6099.71)\nE   Stacktrace:\nE   \tGetHandleVerifier [0x00007FF7150C4D02+56194]\nE   \t(No symbol) [0x00007FF7150304B2]\nE   \t(No symbol) [0x00007FF714ED76AA]\nE   \t(No symbol) [0x00007FF714F28763]\nE   \t(No symbol) [0x00007FF714F2675D]\nE   \t(No symbol) [0x00007FF714F23F5C]\nE   \t(No symbol) [0x00007FF714F22D15]\nE   \t(No symbol) [0x00007FF714F1687F]\nE   \t(No symbol) [0x00007FF714F45E7A]\nE   \t(No symbol) [0x00007FF714F16226]\nE   \t(No symbol) [0x00007FF714F46320]\nE   \t(No symbol) [0x00007FF714F62786]\nE   \t(No symbol) [0x00007FF714F45C23]\nE   \t(No symbol) [0x00007FF714F14A45]\nE   \t(No symbol) [0x00007FF714F15AD4]\nE   \tGetHandleVerifier [0x00007FF71543D5BB+3695675]\nE   \tGetHandleVerifier [0x00007FF715496197+4059159]\nE   \tGetHandleVerifier [0x00007FF71548DF63+4025827]\nE   \tGetHandleVerifier [0x00007FF71515F029+687785]\nE   \t(No symbol) [0x00007FF71503B508]\nE   \t(No symbol) [0x00007FF715037564]\nE   \t(No symbol) [0x00007FF7150376E9]\nE   \t(No symbol) [0x00007FF715028094]\nE   \tBaseThreadInitThunk [0x00007FFAABE5257D+29]\nE   \tRtlUserThreadStart [0x00007FFAAD22AA58+40]\n        e          = <selenium.webdriver.remote.errorhandler.ErrorCode object at 0x00000223AF7F2180>\n        error_code = 'ELEMENT_CLICK_INTERCEPTED'\n        error_codes = ['ELEMENT_CLICK_INTERCEPTED', 'ELEMENT_IS_NOT_SELECTABLE', 'ELEMENT_NOT_INTERACTABLE', 'ELEMENT_NOT_VISIBLE', 'IME_ENGINE_ACTIVATION_FAILED', 'IME_NOT_AVAILABLE', ...]\n        error_info = [64, 'element click intercepted']\n        exception_class = <class 'selenium.common.exceptions.ElementClickInterceptedException'>\n        json       = <module 'json' from 'C:\\\\Users\\\\user\\\\AppData\\\\Local\\\\Programs\\\\Python\\\\Python312\\\\Lib\\\\json\\\\__init__.py'>\n        message    = 'element click intercepted: Element <a href=\"https://testqastudio.me?products_group=sale\" class=\"tab-sale \">...</a> is... would receive the click: <div class=\"catalog-toolbar-tabs__content\">...</div>\\n  (Session info: chrome=120.0.6099.71)'\n        response   = {'status': 400, 'value': '{\"value\":{\"error\":\"element click intercepted\",\"message\":\"element click intercepted: Element ...07FF715028094]\\\\n\\\\tBaseThreadInitThunk [0x00007FFAABE5257D+29]\\\\n\\\\tRtlUserThreadStart [0x00007FFAAD22AA58+40]\\\\n\"}}'}\n        screen     = None\n        self       = <selenium.webdriver.remote.errorhandler.ErrorHandler object at 0x00000223AF7F0C80>\n        st_value   = '\\tGetHandleVerifier [0x00007FF7150C4D02+56194]\\n\\t(No symbol) [0x00007FF7150304B2]\\n\\t(No symbol) [0x00007FF714ED76AA...l) [0x00007FF715028094]\\n\\tBaseThreadInitThunk [0x00007FFAABE5257D+29]\\n\\tRtlUserThreadStart [0x00007FFAAD22AA58+40]\\n'\n        stacktrace = ['\\tGetHandleVerifier [0x00007FF7150C4D02+56194]', '\\t(No symbol) [0x00007FF7150304B2]', '\\t(No symbol) [0x00007FF714E... '\\t(No symbol) [0x00007FF714F28763]', '\\t(No symbol) [0x00007FF714F2675D]', '\\t(No symbol) [0x00007FF714F23F5C]', ...]\n        status     = 'element click intercepted'\n        value      = {'error': 'element click intercepted', 'message': 'element click intercepted: Element <a href=\"https://testqastudio.me...) [0x00007FF715028094]\\n\\tBaseThreadInitThunk [0x00007FFAABE5257D+29]\\n\\tRtlUserThreadStart [0x00007FFAAD22AA58+40]\\n'}\n        value_json = '{\"value\":{\"error\":\"element click intercepted\",\"message\":\"element click intercepted: Element \\\\u003Ca href=\\\\\"https://...007FF715028094]\\\\n\\\\tBaseThreadInitThunk [0x00007FFAABE5257D+29]\\\\n\\\\tRtlUserThreadStart [0x00007FFAAD22AA58+40]\\\\n\"}}'"}, "description": "\n    Test case TC-2\n    ", "start": 1702027439390, "stop": 1702027445879, "uuid": "57396616-d76b-4073-8ffd-be3763978ac2", "historyId": "bc6029a262990064045245033dafe35a", "testCaseId": "bc6029a262990064045245033dafe35a", "fullName": "selenium.qa.studio-main.tests.test_shop#test_products_group", "labels": [{"name": "parentSuite", "value": "selenium.qa.studio-main.tests"}, {"name": "suite", "value": "test_shop"}, {"name": "host", "value": "WIN-5RG7QLJM2LI"}, {"name": "thread", "value": "16132-MainThread"}, {"name": "framework", "value": "pytest"}, {"name": "language", "value": "cpython3"}, {"name": "package", "value": "selenium.qa.studio-main.tests.test_shop"}]}