{"name": "test_products_group", "status": "broken", "statusDetails": {"message": "selenium.common.exceptions.ElementClickInterceptedException: Message: element click intercepted: Element <a href=\"https://testqastudio.me?products_group=sale\" class=\"tab-sale \">...</a> is not clickable at point (900, 748). Other element would receive the click: <div class=\"catalog-toolbar-tabs__content\">...</div>\n  (Session info: chrome=120.0.6099.71)\nStacktrace:\n\tGetHandleVerifier [0x00007FF682B84D02+56194]\n\t(No symbol) [0x00007FF682AF04B2]\n\t(No symbol) [0x00007FF6829976AA]\n\t(No symbol) [0x00007FF6829E8763]\n\t(No symbol) [0x00007FF6829E675D]\n\t(No symbol) [0x00007FF6829E3F5C]\n\t(No symbol) [0x00007FF6829E2D15]\n\t(No symbol) [0x00007FF6829D687F]\n\t(No symbol) [0x00007FF682A05E7A]\n\t(No symbol) [0x00007FF6829D6226]\n\t(No symbol) [0x00007FF682A06320]\n\t(No symbol) [0x00007FF682A22786]\n\t(No symbol) [0x00007FF682A05C23]\n\t(No symbol) [0x00007FF6829D4A45]\n\t(No symbol) [0x00007FF6829D5AD4]\n\tGetHandleVerifier [0x00007FF682EFD5BB+3695675]\n\tGetHandleVerifier [0x00007FF682F56197+4059159]\n\tGetHandleVerifier [0x00007FF682F4DF63+4025827]\n\tGetHandleVerifier [0x00007FF682C1F029+687785]\n\t(No symbol) [0x00007FF682AFB508]\n\t(No symbol) [0x00007FF682AF7564]\n\t(No symbol) [0x00007FF682AF76E9]\n\t(No symbol) [0x00007FF682AE8094]\n\tBaseThreadInitThunk [0x00007FF8C6ED257D+29]\n\tRtlUserThreadStart [0x00007FF8C844AA58+40]", "trace": "selenium.qa.studio-main\\tests\\test_shop.py:47: in test_products_group\n    element.click()\n        browser    = <selenium.webdriver.chrome.webdriver.WebDriver (session=\"9e369b06722ecbff852fcafe114e14c2\")>\n        element    = <selenium.webdriver.remote.webelement.WebElement (session=\"9e369b06722ecbff852fcafe114e14c2\", element=\"3E8025D991E8A891B7C45399A5C25E47_element_105\")>\n        elements   = [<selenium.webdriver.remote.webelement.WebElement (session=\"9e369b06722ecbff852fcafe114e14c2\", element=\"48A32A25D16432...lement.WebElement (session=\"9e369b06722ecbff852fcafe114e14c2\", element=\"48A32A25D164325AFCE8787130A6DE38_element_57\")>]\n        expected_menu = [('Все', '', \"[class='tab-all active']\"), ('Бестселлеры', '/?products_group=best_sellers', \"[class='tab-best_sellers '... '/?products_group=new', \"[class='tab-new ']\"), ('Распродажа товаров', '/?products_group=sale', \"[class='tab-sale ']\")]\n        item       = ('Распродажа товаров', '/?products_group=sale', \"[class='tab-sale ']\")\n        menu_element = \"[class='catalog-toolbar-tabs__content'] a\"\n..\\..\\AppData\\Local\\Programs\\Python\\Python312\\Lib\\site-packages\\selenium\\webdriver\\remote\\webelement.py:94: in click\n    self._execute(Command.CLICK_ELEMENT)\n        self       = <selenium.webdriver.remote.webelement.WebElement (session=\"9e369b06722ecbff852fcafe114e14c2\", element=\"3E8025D991E8A891B7C45399A5C25E47_element_105\")>\n..\\..\\AppData\\Local\\Programs\\Python\\Python312\\Lib\\site-packages\\selenium\\webdriver\\remote\\webelement.py:395: in _execute\n    return self._parent.execute(command, params)\n        command    = 'clickElement'\n        params     = {'id': '3E8025D991E8A891B7C45399A5C25E47_element_105'}\n        self       = <selenium.webdriver.remote.webelement.WebElement (session=\"9e369b06722ecbff852fcafe114e14c2\", element=\"3E8025D991E8A891B7C45399A5C25E47_element_105\")>\n..\\..\\AppData\\Local\\Programs\\Python\\Python312\\Lib\\site-packages\\selenium\\webdriver\\remote\\webdriver.py:348: in execute\n    self.error_handler.check_response(response)\n        driver_command = 'clickElement'\n        params     = {}\n        response   = {'status': 400, 'value': '{\"value\":{\"error\":\"element click intercepted\",\"message\":\"element click intercepted: Element ...07FF682AE8094]\\\\n\\\\tBaseThreadInitThunk [0x00007FF8C6ED257D+29]\\\\n\\\\tRtlUserThreadStart [0x00007FF8C844AA58+40]\\\\n\"}}'}\n        self       = <selenium.webdriver.chrome.webdriver.WebDriver (session=\"9e369b06722ecbff852fcafe114e14c2\")>\n..\\..\\AppData\\Local\\Programs\\Python\\Python312\\Lib\\site-packages\\selenium\\webdriver\\remote\\errorhandler.py:229: in check_response\n    raise exception_class(message, screen, stacktrace)\nE   selenium.common.exceptions.ElementClickInterceptedException: Message: element click intercepted: Element <a href=\"https://testqastudio.me?products_group=sale\" class=\"tab-sale \">...</a> is not clickable at point (900, 748). Other element would receive the click: <div class=\"catalog-toolbar-tabs__content\">...</div>\nE     (Session info: chrome=120.0.6099.71)\nE   Stacktrace:\nE   \tGetHandleVerifier [0x00007FF682B84D02+56194]\nE   \t(No symbol) [0x00007FF682AF04B2]\nE   \t(No symbol) [0x00007FF6829976AA]\nE   \t(No symbol) [0x00007FF6829E8763]\nE   \t(No symbol) [0x00007FF6829E675D]\nE   \t(No symbol) [0x00007FF6829E3F5C]\nE   \t(No symbol) [0x00007FF6829E2D15]\nE   \t(No symbol) [0x00007FF6829D687F]\nE   \t(No symbol) [0x00007FF682A05E7A]\nE   \t(No symbol) [0x00007FF6829D6226]\nE   \t(No symbol) [0x00007FF682A06320]\nE   \t(No symbol) [0x00007FF682A22786]\nE   \t(No symbol) [0x00007FF682A05C23]\nE   \t(No symbol) [0x00007FF6829D4A45]\nE   \t(No symbol) [0x00007FF6829D5AD4]\nE   \tGetHandleVerifier [0x00007FF682EFD5BB+3695675]\nE   \tGetHandleVerifier [0x00007FF682F56197+4059159]\nE   \tGetHandleVerifier [0x00007FF682F4DF63+4025827]\nE   \tGetHandleVerifier [0x00007FF682C1F029+687785]\nE   \t(No symbol) [0x00007FF682AFB508]\nE   \t(No symbol) [0x00007FF682AF7564]\nE   \t(No symbol) [0x00007FF682AF76E9]\nE   \t(No symbol) [0x00007FF682AE8094]\nE   \tBaseThreadInitThunk [0x00007FF8C6ED257D+29]\nE   \tRtlUserThreadStart [0x00007FF8C844AA58+40]\n        e          = <selenium.webdriver.remote.errorhandler.ErrorCode object at 0x00000143C33855B0>\n        error_code = 'ELEMENT_CLICK_INTERCEPTED'\n        error_codes = ['ELEMENT_CLICK_INTERCEPTED', 'ELEMENT_IS_NOT_SELECTABLE', 'ELEMENT_NOT_INTERACTABLE', 'ELEMENT_NOT_VISIBLE', 'IME_ENGINE_ACTIVATION_FAILED', 'IME_NOT_AVAILABLE', ...]\n        error_info = [64, 'element click intercepted']\n        exception_class = <class 'selenium.common.exceptions.ElementClickInterceptedException'>\n        json       = <module 'json' from 'C:\\\\Users\\\\user\\\\AppData\\\\Local\\\\Programs\\\\Python\\\\Python312\\\\Lib\\\\json\\\\__init__.py'>\n        message    = 'element click intercepted: Element <a href=\"https://testqastudio.me?products_group=sale\" class=\"tab-sale \">...</a> is... would receive the click: <div class=\"catalog-toolbar-tabs__content\">...</div>\\n  (Session info: chrome=120.0.6099.71)'\n        response   = {'status': 400, 'value': '{\"value\":{\"error\":\"element click intercepted\",\"message\":\"element click intercepted: Element ...07FF682AE8094]\\\\n\\\\tBaseThreadInitThunk [0x00007FF8C6ED257D+29]\\\\n\\\\tRtlUserThreadStart [0x00007FF8C844AA58+40]\\\\n\"}}'}\n        screen     = None\n        self       = <selenium.webdriver.remote.errorhandler.ErrorHandler object at 0x00000143C3F38AA0>\n        st_value   = '\\tGetHandleVerifier [0x00007FF682B84D02+56194]\\n\\t(No symbol) [0x00007FF682AF04B2]\\n\\t(No symbol) [0x00007FF6829976AA...l) [0x00007FF682AE8094]\\n\\tBaseThreadInitThunk [0x00007FF8C6ED257D+29]\\n\\tRtlUserThreadStart [0x00007FF8C844AA58+40]\\n'\n        stacktrace = ['\\tGetHandleVerifier [0x00007FF682B84D02+56194]', '\\t(No symbol) [0x00007FF682AF04B2]', '\\t(No symbol) [0x00007FF6829... '\\t(No symbol) [0x00007FF6829E8763]', '\\t(No symbol) [0x00007FF6829E675D]', '\\t(No symbol) [0x00007FF6829E3F5C]', ...]\n        status     = 'element click intercepted'\n        value      = {'error': 'element click intercepted', 'message': 'element click intercepted: Element <a href=\"https://testqastudio.me...) [0x00007FF682AE8094]\\n\\tBaseThreadInitThunk [0x00007FF8C6ED257D+29]\\n\\tRtlUserThreadStart [0x00007FF8C844AA58+40]\\n'}\n        value_json = '{\"value\":{\"error\":\"element click intercepted\",\"message\":\"element click intercepted: Element \\\\u003Ca href=\\\\\"https://...007FF682AE8094]\\\\n\\\\tBaseThreadInitThunk [0x00007FF8C6ED257D+29]\\\\n\\\\tRtlUserThreadStart [0x00007FF8C844AA58+40]\\\\n\"}}'"}, "description": "\n    Test case TC-2\n    ", "start": 1702021160170, "stop": 1702021165897, "uuid": "7e5659b3-f2f6-416a-b263-a955ff3a02f0", "historyId": "bc6029a262990064045245033dafe35a", "testCaseId": "bc6029a262990064045245033dafe35a", "fullName": "selenium.qa.studio-main.tests.test_shop#test_products_group", "labels": [{"name": "parentSuite", "value": "selenium.qa.studio-main.tests"}, {"name": "suite", "value": "test_shop"}, {"name": "host", "value": "WIN-5RG7QLJM2LI"}, {"name": "thread", "value": "7384-MainThread"}, {"name": "framework", "value": "pytest"}, {"name": "language", "value": "cpython3"}, {"name": "package", "value": "selenium.qa.studio-main.tests.test_shop"}]}